


ARM Macro Assembler    Page 1 


    1 00000000         ; gpio.s
    2 00000000         ; Desenvolvido para a placa EK-TM4C1294XL
    3 00000000         ; Prof. Guilherme de S. Peron - 12/03/2018
    4 00000000         ; Prof. Marcos E. P. Monteiro - 12/03/2018
    5 00000000         ; Prof. DaLuz             - 25/02/2022
    6 00000000         
    7 00000000         ;#######################################################
                       #########################
    8 00000000                 THUMB                        ; Instruções do tip
                                                            o Thumb-2
    9 00000000         ;#######################################################
                       #########################
   10 00000000         ; Definições de Valores
   11 00000000 00000001 
                       BIT0    EQU              2_0001
   12 00000000 00000002 
                       BIT1    EQU              2_0010
   13 00000000         ; Definições dos Registradores Gerais
   14 00000000 400FE608 
                       SYSCTL_RCGCGPIO_R
                               EQU              0x400FE608
   15 00000000 400FEA08 
                       SYSCTL_PRGPIO_R
                               EQU              0x400FEA08
   16 00000000         ; NVIC
   17 00000000 E000E104 
                       NVIC_EN1_R
                               EQU              0xE000E104
   18 00000000 E000E430 
                       NVIC_PRI12_R
                               EQU              0xE000E430
   19 00000000         ; Definições dos Ports - PORT J
   20 00000000 40060404 
                       GPIO_PORTJ_AHB_IS_R
                               EQU              0x40060404
   21 00000000 40060408 
                       GPIO_PORTJ_AHB_IBE_R
                               EQU              0x40060408
   22 00000000 4006040C 
                       GPIO_PORTJ_AHB_IEV_R
                               EQU              0x4006040C
   23 00000000 40060410 
                       GPIO_PORTJ_AHB_IM_R
                               EQU              0x40060410
   24 00000000 40060414 
                       GPIO_PORTJ_AHB_RIS_R
                               EQU              0x40060414
   25 00000000 4006041C 
                       GPIO_PORTJ_AHB_ICR_R
                               EQU              0x4006041C
   26 00000000 40060520 
                       GPIO_PORTJ_AHB_LOCK_R
                               EQU              0x40060520
   27 00000000 40060524 
                       GPIO_PORTJ_AHB_CR_R
                               EQU              0x40060524
   28 00000000 40060528 
                       GPIO_PORTJ_AHB_AMSEL_R
                               EQU              0x40060528



ARM Macro Assembler    Page 2 


   29 00000000 4006052C 
                       GPIO_PORTJ_AHB_PCTL_R
                               EQU              0x4006052C
   30 00000000 40060400 
                       GPIO_PORTJ_AHB_DIR_R
                               EQU              0x40060400
   31 00000000 40060420 
                       GPIO_PORTJ_AHB_AFSEL_R
                               EQU              0x40060420
   32 00000000 4006051C 
                       GPIO_PORTJ_AHB_DEN_R
                               EQU              0x4006051C
   33 00000000 40060510 
                       GPIO_PORTJ_AHB_PUR_R
                               EQU              0x40060510
   34 00000000 400603FC 
                       GPIO_PORTJ_AHB_DATA_R
                               EQU              0x400603FC
   35 00000000 00000100 
                       GPIO_PORTJ
                               EQU              2_000000100000000
   36 00000000         ; PORT N
   37 00000000 40064520 
                       GPIO_PORTN_AHB_LOCK_R
                               EQU              0x40064520
   38 00000000 40064524 
                       GPIO_PORTN_AHB_CR_R
                               EQU              0x40064524
   39 00000000 40064528 
                       GPIO_PORTN_AHB_AMSEL_R
                               EQU              0x40064528
   40 00000000 4006452C 
                       GPIO_PORTN_AHB_PCTL_R
                               EQU              0x4006452C
   41 00000000 40064400 
                       GPIO_PORTN_AHB_DIR_R
                               EQU              0x40064400
   42 00000000 40064420 
                       GPIO_PORTN_AHB_AFSEL_R
                               EQU              0x40064420
   43 00000000 4006451C 
                       GPIO_PORTN_AHB_DEN_R
                               EQU              0x4006451C
   44 00000000 40064510 
                       GPIO_PORTN_AHB_PUR_R
                               EQU              0x40064510
   45 00000000 400643FC 
                       GPIO_PORTN_AHB_DATA_R
                               EQU              0x400643FC
   46 00000000 00001000 
                       GPIO_PORTN
                               EQU              2_001000000000000
   47 00000000         ; Definições dos Registradores especiais do PORT F
   48 00000000 4005D520 
                       GPIO_PORTF_LOCK_R
                               EQU              0x4005D520
   49 00000000 4005D524 
                       GPIO_PORTF_CR_R
                               EQU              0x4005D524



ARM Macro Assembler    Page 3 


   50 00000000 4005D528 
                       GPIO_PORTF_AMSEL_R
                               EQU              0x4005D528
   51 00000000 4005D52C 
                       GPIO_PORTF_PCTL_R
                               EQU              0x4005D52C
   52 00000000 4005D400 
                       GPIO_PORTF_DIR_R
                               EQU              0x4005D400
   53 00000000 4005D420 
                       GPIO_PORTF_AFSEL_R
                               EQU              0x4005D420
   54 00000000 4005D51C 
                       GPIO_PORTF_DEN_R
                               EQU              0x4005D51C
   55 00000000 4005D510 
                       GPIO_PORTF_PUR_R
                               EQU              0x4005D510
   56 00000000 4005D3FC 
                       GPIO_PORTF_DATA_R
                               EQU              0x4005D3FC
   57 00000000 4005D000 
                       GPIO_PORTF_DATA_BITS_R
                               EQU              0x4005D000
   58 00000000 00000020 
                       GPIO_PORTF
                               EQU              2_000000000100000 ;datasheet pg
                                                             382 ... 
   59 00000000         
   60 00000000         ;#######################################################
                       #########################
   61 00000000         ; Área de Código - Tudo abaixo da diretiva a seguir será
                        armazenado na memória de 
   62 00000000         ;                  código
   63 00000000                 AREA             |.text|, CODE, READONLY, ALIGN=
2
   64 00000000         
   65 00000000         ; Se alguma função do arquivo for chamada em outro arqui
                       vo 
   66 00000000                 EXPORT           GPIO_Init   ; Permite chamar GP
                                                            IO_Init de outro ar
                                                            quivo
   67 00000000                 EXPORT           PortN_Output ; Permite chamar P
                                                            ortN_Output de outr
                                                            o arquivo
   68 00000000                 EXPORT           PortF_Output ; Permite chamar P
                                                            ortF_Output de outr
                                                            o arquivo
   69 00000000                 EXPORT           PortJ_Input ; Permite chamar Po
                                                            rtJ_Input de outro 
                                                            arquivo
   70 00000000                 EXPORT           GPIOPortJ_Handler
   71 00000000                 IMPORT           EnableInterrupts
   72 00000000                 IMPORT           DisableInterrupts
   73 00000000         
   74 00000000         ;#######################################################
                       #########################
   75 00000000         ; Função GPIO_Init
   76 00000000         ; Parâmetro de entrada: Não tem



ARM Macro Assembler    Page 4 


   77 00000000         ; Parâmetro de saída: Não tem
   78 00000000         ;#######################################################
                       #########################
   79 00000000         GPIO_Init
   80 00000000         ; 1. Ativar o clock para a porta setando o bit correspon
                       dente no registrador RCGCGPIO,
   81 00000000         ; após isso verificar no PRGPIO se a porta está pronta p
                       ara uso.
   82 00000000         ; enable clock to GPIOF at clock gating register
   83 00000000 484A            LDR              R0, =SYSCTL_RCGCGPIO_R ;Carrega
                                                             o endereço do regi
                                                            strador RCGCGPIO
   84 00000002 F44F 5180       MOV              R1, #GPIO_PORTN ;Seta o bit da 
                                                            porta N
   85 00000006 F441 7180       ORR              R1, #GPIO_PORTJ ;Seta o bit da 
                                                            porta J, fazendo co
                                                            m OR
   86 0000000A F041 0120       ORR              R1, #GPIO_PORTF ;Seta o bit da 
                                                            porta J, fazendo co
                                                            m OR
   87 0000000E 6001            STR              R1, [R0]    ;Move para a memóri
                                                            a os bits das porta
                                                            s no endereço do RC
                                                            GCGPIO
   88 00000010 4847            LDR              R0, =SYSCTL_PRGPIO_R ;Carrega o
                                                             endereço do PRGPIO
                                                             para esperar os GP
                                                            IO ficarem prontos
   89 00000012         EsperaGPIO
   90 00000012 6801            LDR              R1, [R0]    ;Lê da memória o co
                                                            nteúdo do endereço 
                                                            do registrador
   91 00000014 F44F 5280       MOV              R2, #GPIO_PORTN ;Seta os bits c
                                                            orrespondentes às p
                                                            ortas para fazer a 
                                                            comparação
   92 00000018 F442 7280       ORR              R2, #GPIO_PORTJ ;Seta o bit da 
                                                            porta J, fazendo co
                                                            m OR
   93 0000001C F042 0220       ORR              R2, #GPIO_PORTF ;Seta o bit da 
                                                            porta J, fazendo co
                                                            m OR
   94 00000020 4211            TST              R1, R2      ;ANDS de R1 com R2
   95 00000022 D0F6            BEQ              EsperaGPIO  ;Se o flag Z=1, vol
                                                            ta para o laço. Sen
                                                            ão continua executa
                                                            ndo
   96 00000024         ; 2. Limpar o AMSEL para desabilitar a analógica
   97 00000024 F04F 0100       MOV              R1, #0x00   ;Colocar 0 no regis
                                                            trador para desabil
                                                            itar a função analó
                                                            gica
   98 00000028 4842            LDR              R0, =GPIO_PORTJ_AHB_AMSEL_R ;Ca
                                                            rrega o R0 com o en
                                                            dereço do AMSEL par
                                                            a a porta J
   99 0000002A 6001            STR              R1, [R0]    ;Guarda no registra
                                                            dor AMSEL da porta 
                                                            J da memória



ARM Macro Assembler    Page 5 


  100 0000002C 4842            LDR              R0, =GPIO_PORTN_AHB_AMSEL_R ;Ca
                                                            rrega o R0 com o en
                                                            dereço do AMSEL par
                                                            a a porta N
  101 0000002E 6001            STR              R1, [R0]    ;Guarda no registra
                                                            dor AMSEL da porta 
                                                            N da memória
  102 00000030 4842            LDR              R0, =GPIO_PORTF_AMSEL_R ;Carreg
                                                            a o R0 com o endere
                                                            ço do AMSEL para a 
                                                            porta N
  103 00000032 6001            STR              R1, [R0]    ;Guarda no registra
                                                            dor AMSEL da porta 
                                                            N da memória
  104 00000034         ; 3. Limpar PCTL para selecionar o GPIO
  105 00000034 F04F 0100       MOV              R1, #0x00   ;Colocar 0 no regis
                                                            trador para selecio
                                                            nar o modo GPIO
  106 00000038 4841            LDR              R0, =GPIO_PORTJ_AHB_PCTL_R ;Car
                                                            rega o R0 com o end
                                                            ereço do PCTL para 
                                                            a porta J
  107 0000003A 6001            STR              R1, [R0]    ;Guarda no registra
                                                            dor PCTL da porta J
                                                             da memória
  108 0000003C 4841            LDR              R0, =GPIO_PORTN_AHB_PCTL_R ;Car
                                                            rega o R0 com o end
                                                            ereço do PCTL para 
                                                            a porta N
  109 0000003E 6001            STR              R1, [R0]    ;Guarda no registra
                                                            dor PCTL da porta N
                                                             da memória
  110 00000040 4841            LDR              R0, =GPIO_PORTF_PCTL_R ;Carrega
                                                             o R0 com o endereç
                                                            o do PCTL para a po
                                                            rta N
  111 00000042 6001            STR              R1, [R0]    ;Guarda no registra
                                                            dor PCTL da porta N
                                                             da memória
  112 00000044         ; 4. DIR para 0 se for entrada, 1 se for saída
  113 00000044 4841            LDR              R0, =GPIO_PORTN_AHB_DIR_R ;Carr
                                                            ega o R0 com o ende
                                                            reço do DIR para a 
                                                            porta N
  114 00000046 F04F 0101       MOV              R1, #BIT0   ;PN1 & PN0 para LED
                                                            
  115 0000004A F041 0102       ORR              R1, #BIT1   ;Enviar o valor 0x0
                                                            3 para habilitar os
                                                             pinos como saída
  116 0000004E 6001            STR              R1, [R0]    ;Guarda no registra
                                                            dor
  117 00000050 483F            LDR              R0, =GPIO_PORTF_DIR_R ;Carrega 
                                                            o R0 com o endereço
                                                             do DIR para a port
                                                            a N
  118 00000052 F04F 0111       MOV              R1, #2_00010001 ;PN1
  119 00000056 6001            STR              R1, [R0]    ;Guarda no registra
                                                            dor
  120 00000058         ;O certo era verificar os outros bits da PJ para não tra



ARM Macro Assembler    Page 6 


                       nsformar entradas em saídas desnecessárias
  121 00000058 483E            LDR              R0, =GPIO_PORTJ_AHB_DIR_R ;Carr
                                                            ega o R0 com o ende
                                                            reço do DIR para a 
                                                            porta J
  122 0000005A F04F 0100       MOV              R1, #0x00   ;Colocar 0 no regis
                                                            trador DIR para fun
                                                            cionar com saída
  123 0000005E 6001            STR              R1, [R0]    ;Guarda no registra
                                                            dor PCTL da porta J
                                                             da memória
  124 00000060         ; 5. Limpar os bits AFSEL para 0 para selecionar GPIO 
  125 00000060         ;    Sem função alternativa
  126 00000060 F04F 0100       MOV              R1, #0x00   ;Colocar o valor 0 
                                                            para não setar funç
                                                            ão alternativa
  127 00000064 483C            LDR              R0, =GPIO_PORTN_AHB_AFSEL_R ;Ca
                                                            rrega o endereço do
                                                             AFSEL da porta N
  128 00000066 6001            STR              R1, [R0]    ;Escreve na porta
  129 00000068 483C            LDR              R0, =GPIO_PORTF_AFSEL_R ;Carreg
                                                            a o endereço do AFS
                                                            EL da porta N
  130 0000006A 6001            STR              R1, [R0]    ;Escreve na porta
  131 0000006C 483C            LDR              R0, =GPIO_PORTJ_AHB_AFSEL_R ;Ca
                                                            rrega o endereço do
                                                             AFSEL da porta J
  132 0000006E 6001            STR              R1, [R0]    ;Escreve na porta
  133 00000070         ; 6. Setar os bits de DEN para habilitar I/O digital
  134 00000070 483C            LDR              R0, =GPIO_PORTN_AHB_DEN_R ;Carr
                                                            ega o endereço do D
                                                            EN
  135 00000072 6801            LDR              R1, [R0]    ;Ler da memória o r
                                                            egistrador GPIO_POR
                                                            TN_AHB_DEN_R
  136 00000074 F04F 0201       MOV              R2, #BIT0
  137 00000078 F042 0202       ORR              R2, #BIT1   ;Habilitar funciona
                                                            lidade digital na D
                                                            EN os bits 0 e 1
  138 0000007C EA41 0102       ORR              R1, R2
  139 00000080 6001            STR              R1, [R0]    ;Escreve no registr
                                                            ador da memória fun
                                                            cionalidade digital
                                                             
  140 00000082 4839            LDR              R0, =GPIO_PORTF_DEN_R ;Carrega 
                                                            o endereço do DEN
  141 00000084 F04F 0111       MOV              R1, #2_00010001 ;N1
  142 00000088 6001            STR              R1, [R0]    ;Escreve no registr
                                                            ador da memória fun
                                                            cionalidade digital
                                                             
  143 0000008A 4838            LDR              R0, =GPIO_PORTJ_AHB_DEN_R ;Carr
                                                            ega o endereço do D
                                                            EN
  144 0000008C 6801            LDR              R1, [R0]    ;Ler da memória o r
                                                            egistrador GPIO_POR
                                                            TN_AHB_DEN_R
  145 0000008E F04F 0201       MOV              R2, #BIT0
  146 00000092 F042 0202       ORR              R2, #BIT1   ;Habilitar funciona



ARM Macro Assembler    Page 7 


                                                            lidade digital na D
                                                            EN os bits 0 e 1
  147 00000096 EA41 0102       ORR              R1, R2
  148 0000009A 6001            STR              R1, [R0]    ;Escreve no registr
                                                            ador da memória fun
                                                            cionalidade digital
                                                            
  149 0000009C         ; 7. Para habilitar resistor de pull-up interno, setar P
                       UR para 1
  150 0000009C 4834            LDR              R0, =GPIO_PORTJ_AHB_PUR_R ;Carr
                                                            ega o endereço do P
                                                            UR para a porta J
  151 0000009E F04F 0101       MOV              R1, #BIT0   ;Habilitar funciona
                                                            lidade digital de r
                                                            esistor de pull-up 
                                                            
  152 000000A2 F041 0102       ORR              R1, #BIT1   ;nos bits 0 e 1
  153 000000A6 6001            STR              R1, [R0]    ;Escreve no registr
                                                            ador da memória do 
                                                            resistor de pull-up
                                                            
  154 000000A8         ;Interrupções
  155 000000A8         ; 8. Desabilitar a interrupção no registrador IM
  156 000000A8 4832            LDR              R0, =GPIO_PORTJ_AHB_IM_R ;Carre
                                                            ga o endereço do IM
                                                             para a porta J
  157 000000AA F04F 0100       MOV              R1, #2_00   ;Desabilitar as int
                                                            errupções  
  158 000000AE 6001            STR              R1, [R0]    ;Escreve no registr
                                                            ador
  159 000000B0         ; 9. Configurar o tipo de interrupção por borda no regis
                       trador IS
  160 000000B0 4831            LDR              R0, =GPIO_PORTJ_AHB_IS_R ;Carre
                                                            ga o endereço do IS
                                                             para a porta J
  161 000000B2 F04F 0101       MOV              R1, #2_01   ;Por Borda  
  162 000000B6 6001            STR              R1, [R0]    ;Escreve no registr
                                                            ador
  163 000000B8         ; 10. Configurar  borda única no registrador IBE
  164 000000B8 4830            LDR              R0, =GPIO_PORTJ_AHB_IBE_R ;Carr
                                                            ega o endereço do I
                                                            BE para a porta J
  165 000000BA F04F 0100       MOV              R1, #2_00   ;Borda Única  
  166 000000BE 6001            STR              R1, [R0]    ;Escreve no registr
                                                            ador
  167 000000C0         ; 11. Configurar  borda de descida (botão pressionado) n
                       o registrador IEV
  168 000000C0 482F            LDR              R0, =GPIO_PORTJ_AHB_IEV_R ;Carr
                                                            ega o endereço do I
                                                            EV para a porta J
  169 000000C2 F04F 0100       MOV              R1, #2_00   ;Borda Única Descid
                                                            a nos 2 bits 
  170 000000C6 6001            STR              R1, [R0]    ;Escreve no registr
                                                            ador
  171 000000C8         ; 12. Configurar  borda de descida (botão pressionado) n
                       o registrador IEV
  172 000000C8 482D            LDR              R0, =GPIO_PORTJ_AHB_IEV_R ;Carr
                                                            ega o endereço do I
                                                            EV para a porta J



ARM Macro Assembler    Page 8 


  173 000000CA F04F 0102       MOV              R1, #2_10   ;Borda Única Descid
                                                            a e Subida 
  174 000000CE 6001            STR              R1, [R0]    ;Escreve no registr
                                                            ador    
  175 000000D0         ; 13. Habilitar a interrupção no registrador IM
  176 000000D0 4828            LDR              R0, =GPIO_PORTJ_AHB_IM_R ;Carre
                                                            ga o endereço do IM
                                                             para a porta J
  177 000000D2 F04F 0103       MOV              R1, #2_11   ;Habilitar as inter
                                                            rupções nos bit 0 e
                                                             bit 1 
  178 000000D6 6001            STR              R1, [R0]    ;Escreve no registr
                                                            ador
  179 000000D8         ;Interrupção número 51            
  180 000000D8         ; 14. Setar a prioridade no NVIC
  181 000000D8 482A            LDR              R0, =NVIC_PRI12_R ;Carrega o do
                                                             NVIC para o grupo 
                                                            que tem o J entre 5
                                                            1 e 48
  182 000000DA F04F 4120       MOV              R1, #0xA0000000 ;Prioridade 5  
                                                                   
  183 000000DE 6001            STR              R1, [R0]    ;Escreve no registr
                                                            ador da memória
  184 000000E0         ; 15. Habilitar a interrupção no NVIC
  185 000000E0 4829            LDR              R0, =NVIC_EN1_R ;Carrega o do N
                                                            VIC para o grupo qu
                                                            e tem o J entre 63 
                                                            e 32
  186 000000E2 F44F 2100       MOV              R1, #0x80000
  187 000000E6 6001            STR              R1, [R0]    ;Escreve no registr
                                                            ador da memória
  188 000000E8         ; 16. Habilitar a chave geral das interrupções
  189 000000E8 B500            PUSH             {LR}
  190 000000EA F7FF FFFE       BL               EnableInterrupts
  191 000000EE F85D EB04       POP              {LR}
  192 000000F2 4770            BX               LR
  193 000000F4         
  194 000000F4         ;#######################################################
                       #########################
  195 000000F4         ; Função PortF_Output
  196 000000F4         ; Parâmetro de entrada: R0 --> se o BIT1 está ligado ou 
                       desligado
  197 000000F4         ; Parâmetro de saída: Não tem
  198 000000F4         ;#######################################################
                       #########################
  199 000000F4         PortF_Output
  200 000000F4 4925            LDR              R1, =GPIO_PORTF_DATA_R ;Carrega
                                                             o valor do offset 
                                                            do data register
  201 000000F6         ;Read-Modify-Write para escrita
  202 000000F6 680A            LDR              R2, [R1]
  203 000000F8 F022 0211       BIC              R2, #2_00010001 ;Primeiro limpa
                                                            mos os dois bits do
                                                             lido da porta R2 =
                                                             R2 & 11111101
  204 000000FC EA40 0002       ORR              R0, R0, R2  ;Fazer o OR do lido
                                                             pela porta com o p
                                                            arâmetro de entrada
                                                            



ARM Macro Assembler    Page 9 


  205 00000100 6008            STR              R0, [R1]    ;Escreve na porta N
                                                             o barramento de da
                                                            dos do pino N1
  206 00000102 4770            BX               LR          ;Retorno
  207 00000104         
  208 00000104         ;#######################################################
                       #########################
  209 00000104         ; Função PortN_Output
  210 00000104         ; Parâmetro de entrada: R0 --> se os BIT1 e BIT0 estão l
                       igado ou desligado
  211 00000104         ; Parâmetro de saída: Não tem
  212 00000104         ;#######################################################
                       #########################
  213 00000104         PortN_Output
  214 00000104 4922            LDR              R1, =GPIO_PORTN_AHB_DATA_R ;Car
                                                            rega o valor do off
                                                            set do data registe
                                                            r
  215 00000106         ;Read-Modify-Write para escrita
  216 00000106 680A            LDR              R2, [R1]
  217 00000108 F022 0203       BIC              R2, #2_00000011 ;Primeiro limpa
                                                            mos os dois bits do
                                                             lido da porta R2 =
                                                             R2 & 11111100
  218 0000010C EA40 0002       ORR              R0, R0, R2  ;Fazer o OR do lido
                                                             pela porta com o p
                                                            arâmetro de entrada
                                                            
  219 00000110 6008            STR              R0, [R1]    ;Escreve na porta N
                                                             o barramento de da
                                                            dos dos pinos [N5-N
                                                            0]
  220 00000112 4770            BX               LR          ;Retorno
  221 00000114         
  222 00000114         ;#######################################################
                       #########################
  223 00000114         ; Função PortJ_Input
  224 00000114         ; Parâmetro de entrada: Não tem
  225 00000114         ; Parâmetro de saída: R0 --> o valor da leitura
  226 00000114         ;#######################################################
                       #########################
  227 00000114         PortJ_Input
  228 00000114 491F            LDR              R1, =GPIO_PORTJ_AHB_DATA_R ;Car
                                                            rega o valor do off
                                                            set do data registe
                                                            r
  229 00000116 6808            LDR              R0, [R1]    ;Lê no barramento d
                                                            e dados dos pinos [
                                                            J1-J0]
  230 00000118 4770            BX               LR          ;Retorno
  231 0000011A         
  232 0000011A         
  233 0000011A         ;#######################################################
                       #########################
  234 0000011A         ; Função ISR GPIOPortJ_Handler (Tratamento da interrupçã
                       o)
  235 0000011A         ; Parâmetro de entrada: Não tem
  236 0000011A         ; Parâmetro de saída: R5 [J1-J0] e R4=flag de passagem p
                       ela interrupção



ARM Macro Assembler    Page 10 


  237 0000011A         ;#######################################################
                       #########################
  238 0000011A         GPIOPortJ_Handler
  239 0000011A 491E            LDR              R1, =GPIO_PORTJ_AHB_DATA_R ;Car
                                                            rega o valor do off
                                                            set do data registe
                                                            r
  240 0000011C 680D            LDR              R5, [R1]    ;R5 = Lê no barrame
                                                            nto de dados dos pi
                                                            nos [J1-J0]
  241 0000011E F04F 0B01       MOV              R11, #1     ;Flag=1 
  242 00000122 491D            LDR              R1, =GPIO_PORTJ_AHB_ICR_R ;Bdr 
                                                            descida e bit Bdr s
                                                            ubida
  243 00000124 F04F 0003       MOV              R0, #2_11   ;Fazendo o ACK do b
                                                            it 0 ou do bit 1 do
                                                             PortJ
  244 00000128 6008            STR              R0, [R1]    ;limpando a interru
                                                            pção (ack)
  245 0000012A 4770            BX               LR          ;retorno
  246 0000012C         
  247 0000012C         
  248 0000012C                 ALIGN                        ; garante que o fim
                                                             da seção está alin
                                                            hada 
  249 0000012C                 END                          ; fim do arquivo  
              400FE608 
              400FEA08 
              40060528 
              40064528 
              4005D528 
              4006052C 
              4006452C 
              4005D52C 
              40064400 
              4005D400 
              40060400 
              40064420 
              4005D420 
              40060420 
              4006451C 
              4005D51C 
              4006051C 
              40060510 
              40060410 
              40060404 
              40060408 
              4006040C 
              E000E430 
              E000E104 
              4005D3FC 
              400643FC 
              400603FC 
              4006041C 
Command Line: --debug --xref --diag_suppress=9931,A1950W --cpu=Cortex-M4.fp.sp 
--depend=.\objects\gpio.d -o.\objects\gpio.o -IC:\Users\ph01g\AppData\Local\Arm
\Packs\Keil\TM4C_DFP\1.1.0\Device\Include\TM4C129 --predefine="__EVAL SETA 1" -
-predefine="__UVISION_VERSION SETA 538" --predefine="TM4C1294NCPDT SETA 1" --li
st=.\listings\gpio.lst gpio.s



ARM Macro Assembler    Page 1 Alphabetic symbol ordering
Relocatable symbols

.text 00000000

Symbol: .text
   Definitions
      At line 63 in file gpio.s
   Uses
      None
Comment: .text unused
EsperaGPIO 00000012

Symbol: EsperaGPIO
   Definitions
      At line 89 in file gpio.s
   Uses
      At line 95 in file gpio.s
Comment: EsperaGPIO used once
GPIOPortJ_Handler 0000011A

Symbol: GPIOPortJ_Handler
   Definitions
      At line 238 in file gpio.s
   Uses
      At line 70 in file gpio.s
Comment: GPIOPortJ_Handler used once
GPIO_Init 00000000

Symbol: GPIO_Init
   Definitions
      At line 79 in file gpio.s
   Uses
      At line 66 in file gpio.s
Comment: GPIO_Init used once
PortF_Output 000000F4

Symbol: PortF_Output
   Definitions
      At line 199 in file gpio.s
   Uses
      At line 68 in file gpio.s
Comment: PortF_Output used once
PortJ_Input 00000114

Symbol: PortJ_Input
   Definitions
      At line 227 in file gpio.s
   Uses
      At line 69 in file gpio.s
Comment: PortJ_Input used once
PortN_Output 00000104

Symbol: PortN_Output
   Definitions
      At line 213 in file gpio.s
   Uses
      At line 67 in file gpio.s
Comment: PortN_Output used once
7 symbols



ARM Macro Assembler    Page 1 Alphabetic symbol ordering
Absolute symbols

BIT0 00000001

Symbol: BIT0
   Definitions
      At line 11 in file gpio.s
   Uses
      At line 114 in file gpio.s
      At line 136 in file gpio.s
      At line 145 in file gpio.s
      At line 151 in file gpio.s

BIT1 00000002

Symbol: BIT1
   Definitions
      At line 12 in file gpio.s
   Uses
      At line 115 in file gpio.s
      At line 137 in file gpio.s
      At line 146 in file gpio.s
      At line 152 in file gpio.s

GPIO_PORTF 00000020

Symbol: GPIO_PORTF
   Definitions
      At line 58 in file gpio.s
   Uses
      At line 86 in file gpio.s
      At line 93 in file gpio.s

GPIO_PORTF_AFSEL_R 4005D420

Symbol: GPIO_PORTF_AFSEL_R
   Definitions
      At line 53 in file gpio.s
   Uses
      At line 129 in file gpio.s
Comment: GPIO_PORTF_AFSEL_R used once
GPIO_PORTF_AMSEL_R 4005D528

Symbol: GPIO_PORTF_AMSEL_R
   Definitions
      At line 50 in file gpio.s
   Uses
      At line 102 in file gpio.s
Comment: GPIO_PORTF_AMSEL_R used once
GPIO_PORTF_CR_R 4005D524

Symbol: GPIO_PORTF_CR_R
   Definitions
      At line 49 in file gpio.s
   Uses
      None
Comment: GPIO_PORTF_CR_R unused
GPIO_PORTF_DATA_BITS_R 4005D000

Symbol: GPIO_PORTF_DATA_BITS_R
   Definitions



ARM Macro Assembler    Page 2 Alphabetic symbol ordering
Absolute symbols

      At line 57 in file gpio.s
   Uses
      None
Comment: GPIO_PORTF_DATA_BITS_R unused
GPIO_PORTF_DATA_R 4005D3FC

Symbol: GPIO_PORTF_DATA_R
   Definitions
      At line 56 in file gpio.s
   Uses
      At line 200 in file gpio.s
Comment: GPIO_PORTF_DATA_R used once
GPIO_PORTF_DEN_R 4005D51C

Symbol: GPIO_PORTF_DEN_R
   Definitions
      At line 54 in file gpio.s
   Uses
      At line 140 in file gpio.s
Comment: GPIO_PORTF_DEN_R used once
GPIO_PORTF_DIR_R 4005D400

Symbol: GPIO_PORTF_DIR_R
   Definitions
      At line 52 in file gpio.s
   Uses
      At line 117 in file gpio.s
Comment: GPIO_PORTF_DIR_R used once
GPIO_PORTF_LOCK_R 4005D520

Symbol: GPIO_PORTF_LOCK_R
   Definitions
      At line 48 in file gpio.s
   Uses
      None
Comment: GPIO_PORTF_LOCK_R unused
GPIO_PORTF_PCTL_R 4005D52C

Symbol: GPIO_PORTF_PCTL_R
   Definitions
      At line 51 in file gpio.s
   Uses
      At line 110 in file gpio.s
Comment: GPIO_PORTF_PCTL_R used once
GPIO_PORTF_PUR_R 4005D510

Symbol: GPIO_PORTF_PUR_R
   Definitions
      At line 55 in file gpio.s
   Uses
      None
Comment: GPIO_PORTF_PUR_R unused
GPIO_PORTJ 00000100

Symbol: GPIO_PORTJ
   Definitions
      At line 35 in file gpio.s
   Uses
      At line 85 in file gpio.s



ARM Macro Assembler    Page 3 Alphabetic symbol ordering
Absolute symbols

      At line 92 in file gpio.s

GPIO_PORTJ_AHB_AFSEL_R 40060420

Symbol: GPIO_PORTJ_AHB_AFSEL_R
   Definitions
      At line 31 in file gpio.s
   Uses
      At line 131 in file gpio.s
Comment: GPIO_PORTJ_AHB_AFSEL_R used once
GPIO_PORTJ_AHB_AMSEL_R 40060528

Symbol: GPIO_PORTJ_AHB_AMSEL_R
   Definitions
      At line 28 in file gpio.s
   Uses
      At line 98 in file gpio.s
Comment: GPIO_PORTJ_AHB_AMSEL_R used once
GPIO_PORTJ_AHB_CR_R 40060524

Symbol: GPIO_PORTJ_AHB_CR_R
   Definitions
      At line 27 in file gpio.s
   Uses
      None
Comment: GPIO_PORTJ_AHB_CR_R unused
GPIO_PORTJ_AHB_DATA_R 400603FC

Symbol: GPIO_PORTJ_AHB_DATA_R
   Definitions
      At line 34 in file gpio.s
   Uses
      At line 228 in file gpio.s
      At line 239 in file gpio.s

GPIO_PORTJ_AHB_DEN_R 4006051C

Symbol: GPIO_PORTJ_AHB_DEN_R
   Definitions
      At line 32 in file gpio.s
   Uses
      At line 143 in file gpio.s
Comment: GPIO_PORTJ_AHB_DEN_R used once
GPIO_PORTJ_AHB_DIR_R 40060400

Symbol: GPIO_PORTJ_AHB_DIR_R
   Definitions
      At line 30 in file gpio.s
   Uses
      At line 121 in file gpio.s
Comment: GPIO_PORTJ_AHB_DIR_R used once
GPIO_PORTJ_AHB_IBE_R 40060408

Symbol: GPIO_PORTJ_AHB_IBE_R
   Definitions
      At line 21 in file gpio.s
   Uses
      At line 164 in file gpio.s
Comment: GPIO_PORTJ_AHB_IBE_R used once



ARM Macro Assembler    Page 4 Alphabetic symbol ordering
Absolute symbols

GPIO_PORTJ_AHB_ICR_R 4006041C

Symbol: GPIO_PORTJ_AHB_ICR_R
   Definitions
      At line 25 in file gpio.s
   Uses
      At line 242 in file gpio.s
Comment: GPIO_PORTJ_AHB_ICR_R used once
GPIO_PORTJ_AHB_IEV_R 4006040C

Symbol: GPIO_PORTJ_AHB_IEV_R
   Definitions
      At line 22 in file gpio.s
   Uses
      At line 168 in file gpio.s
      At line 172 in file gpio.s

GPIO_PORTJ_AHB_IM_R 40060410

Symbol: GPIO_PORTJ_AHB_IM_R
   Definitions
      At line 23 in file gpio.s
   Uses
      At line 156 in file gpio.s
      At line 176 in file gpio.s

GPIO_PORTJ_AHB_IS_R 40060404

Symbol: GPIO_PORTJ_AHB_IS_R
   Definitions
      At line 20 in file gpio.s
   Uses
      At line 160 in file gpio.s
Comment: GPIO_PORTJ_AHB_IS_R used once
GPIO_PORTJ_AHB_LOCK_R 40060520

Symbol: GPIO_PORTJ_AHB_LOCK_R
   Definitions
      At line 26 in file gpio.s
   Uses
      None
Comment: GPIO_PORTJ_AHB_LOCK_R unused
GPIO_PORTJ_AHB_PCTL_R 4006052C

Symbol: GPIO_PORTJ_AHB_PCTL_R
   Definitions
      At line 29 in file gpio.s
   Uses
      At line 106 in file gpio.s
Comment: GPIO_PORTJ_AHB_PCTL_R used once
GPIO_PORTJ_AHB_PUR_R 40060510

Symbol: GPIO_PORTJ_AHB_PUR_R
   Definitions
      At line 33 in file gpio.s
   Uses
      At line 150 in file gpio.s
Comment: GPIO_PORTJ_AHB_PUR_R used once
GPIO_PORTJ_AHB_RIS_R 40060414



ARM Macro Assembler    Page 5 Alphabetic symbol ordering
Absolute symbols


Symbol: GPIO_PORTJ_AHB_RIS_R
   Definitions
      At line 24 in file gpio.s
   Uses
      None
Comment: GPIO_PORTJ_AHB_RIS_R unused
GPIO_PORTN 00001000

Symbol: GPIO_PORTN
   Definitions
      At line 46 in file gpio.s
   Uses
      At line 84 in file gpio.s
      At line 91 in file gpio.s

GPIO_PORTN_AHB_AFSEL_R 40064420

Symbol: GPIO_PORTN_AHB_AFSEL_R
   Definitions
      At line 42 in file gpio.s
   Uses
      At line 127 in file gpio.s
Comment: GPIO_PORTN_AHB_AFSEL_R used once
GPIO_PORTN_AHB_AMSEL_R 40064528

Symbol: GPIO_PORTN_AHB_AMSEL_R
   Definitions
      At line 39 in file gpio.s
   Uses
      At line 100 in file gpio.s
Comment: GPIO_PORTN_AHB_AMSEL_R used once
GPIO_PORTN_AHB_CR_R 40064524

Symbol: GPIO_PORTN_AHB_CR_R
   Definitions
      At line 38 in file gpio.s
   Uses
      None
Comment: GPIO_PORTN_AHB_CR_R unused
GPIO_PORTN_AHB_DATA_R 400643FC

Symbol: GPIO_PORTN_AHB_DATA_R
   Definitions
      At line 45 in file gpio.s
   Uses
      At line 214 in file gpio.s
Comment: GPIO_PORTN_AHB_DATA_R used once
GPIO_PORTN_AHB_DEN_R 4006451C

Symbol: GPIO_PORTN_AHB_DEN_R
   Definitions
      At line 43 in file gpio.s
   Uses
      At line 134 in file gpio.s
Comment: GPIO_PORTN_AHB_DEN_R used once
GPIO_PORTN_AHB_DIR_R 40064400

Symbol: GPIO_PORTN_AHB_DIR_R



ARM Macro Assembler    Page 6 Alphabetic symbol ordering
Absolute symbols

   Definitions
      At line 41 in file gpio.s
   Uses
      At line 113 in file gpio.s
Comment: GPIO_PORTN_AHB_DIR_R used once
GPIO_PORTN_AHB_LOCK_R 40064520

Symbol: GPIO_PORTN_AHB_LOCK_R
   Definitions
      At line 37 in file gpio.s
   Uses
      None
Comment: GPIO_PORTN_AHB_LOCK_R unused
GPIO_PORTN_AHB_PCTL_R 4006452C

Symbol: GPIO_PORTN_AHB_PCTL_R
   Definitions
      At line 40 in file gpio.s
   Uses
      At line 108 in file gpio.s
Comment: GPIO_PORTN_AHB_PCTL_R used once
GPIO_PORTN_AHB_PUR_R 40064510

Symbol: GPIO_PORTN_AHB_PUR_R
   Definitions
      At line 44 in file gpio.s
   Uses
      None
Comment: GPIO_PORTN_AHB_PUR_R unused
NVIC_EN1_R E000E104

Symbol: NVIC_EN1_R
   Definitions
      At line 17 in file gpio.s
   Uses
      At line 185 in file gpio.s
Comment: NVIC_EN1_R used once
NVIC_PRI12_R E000E430

Symbol: NVIC_PRI12_R
   Definitions
      At line 18 in file gpio.s
   Uses
      At line 181 in file gpio.s
Comment: NVIC_PRI12_R used once
SYSCTL_PRGPIO_R 400FEA08

Symbol: SYSCTL_PRGPIO_R
   Definitions
      At line 15 in file gpio.s
   Uses
      At line 88 in file gpio.s
Comment: SYSCTL_PRGPIO_R used once
SYSCTL_RCGCGPIO_R 400FE608

Symbol: SYSCTL_RCGCGPIO_R
   Definitions
      At line 14 in file gpio.s
   Uses



ARM Macro Assembler    Page 7 Alphabetic symbol ordering
Absolute symbols

      At line 83 in file gpio.s
Comment: SYSCTL_RCGCGPIO_R used once
43 symbols



ARM Macro Assembler    Page 1 Alphabetic symbol ordering
External symbols

DisableInterrupts 00000000

Symbol: DisableInterrupts
   Definitions
      At line 72 in file gpio.s
   Uses
      None
Comment: DisableInterrupts unused
EnableInterrupts 00000000

Symbol: EnableInterrupts
   Definitions
      At line 71 in file gpio.s
   Uses
      At line 190 in file gpio.s
Comment: EnableInterrupts used once
2 symbols
388 symbols in table
