


ARM Macro Assembler    Page 1 


    1 00000000         ; gpio.s
    2 00000000         ; Desenvolvido para a placa EK-TM4C1294XL
    3 00000000         ; Prof. Guilherme de S. Peron - 12/03/2018
    4 00000000         ; Prof. Marcos E. P. Monteiro - 12/03/2018
    5 00000000         ; Prof. DaLuz             - 25/02/2022
    6 00000000         
    7 00000000         ;#######################################################
                       #########################
    8 00000000                 THUMB                        ; Instruções do tip
                                                            o Thumb-2
    9 00000000         ;#######################################################
                       #########################
   10 00000000         ; Definições dos Registradores Gerais.  Obs: *(EQU)=(EQU
                       ATE)*
   11 00000000 00000001 
                       BIT0    EQU              2_0001      ;sch evaluation kit
                                                            
   12 00000000 00000002 
                       BIT1    EQU              2_0010      ;sch evaluation kit
                                                            
   13 00000000 400FE608 
                       SYSCTL_RCGCGPIO_R
                               EQU              0x400FE608
   14 00000000 400FEA08 
                       SYSCTL_PRGPIO_R
                               EQU              0x400FEA08
   15 00000000         ; Definições dos Registradores especiais do PORT J
   16 00000000 40060520 
                       GPIO_PORTJ_AHB_LOCK_R
                               EQU              0x40060520
   17 00000000 40060524 
                       GPIO_PORTJ_AHB_CR_R
                               EQU              0x40060524
   18 00000000 40060528 
                       GPIO_PORTJ_AHB_AMSEL_R
                               EQU              0x40060528
   19 00000000 4006052C 
                       GPIO_PORTJ_AHB_PCTL_R
                               EQU              0x4006052C
   20 00000000 40060400 
                       GPIO_PORTJ_AHB_DIR_R
                               EQU              0x40060400
   21 00000000 40060420 
                       GPIO_PORTJ_AHB_AFSEL_R
                               EQU              0x40060420
   22 00000000 4006051C 
                       GPIO_PORTJ_AHB_DEN_R
                               EQU              0x4006051C
   23 00000000 40060510 
                       GPIO_PORTJ_AHB_PUR_R
                               EQU              0x40060510
   24 00000000 400603FC 
                       GPIO_PORTJ_AHB_DATA_R
                               EQU              0x400603FC
   25 00000000 40060000 
                       GPIO_PORTJ_AHB_DATA_BITS_R
                               EQU              0x40060000
   26 00000000 00000100 
                       GPIO_PORTJ



ARM Macro Assembler    Page 2 


                               EQU              2_000000100000000 ;datasheet pg
                                                             382 ...
   27 00000000         ; Definições dos Registradores especiais do PORT N
   28 00000000 40064520 
                       GPIO_PORTN_LOCK_R
                               EQU              0x40064520
   29 00000000 40064524 
                       GPIO_PORTN_CR_R
                               EQU              0x40064524
   30 00000000 40064528 
                       GPIO_PORTN_AMSEL_R
                               EQU              0x40064528
   31 00000000 4006452C 
                       GPIO_PORTN_PCTL_R
                               EQU              0x4006452C
   32 00000000 40064400 
                       GPIO_PORTN_DIR_R
                               EQU              0x40064400
   33 00000000 40064420 
                       GPIO_PORTN_AFSEL_R
                               EQU              0x40064420
   34 00000000 4006451C 
                       GPIO_PORTN_DEN_R
                               EQU              0x4006451C
   35 00000000 40064510 
                       GPIO_PORTN_PUR_R
                               EQU              0x40064510
   36 00000000 400643FC 
                       GPIO_PORTN_DATA_R
                               EQU              0x400643FC
   37 00000000 40064000 
                       GPIO_PORTN_DATA_BITS_R
                               EQU              0x40064000
   38 00000000 00001000 
                       GPIO_PORTN
                               EQU              2_001000000000000 ;datasheet pg
                                                             382 ... 
   39 00000000         ; Definições dos Registradores especiais do PORT F
   40 00000000 4005D520 
                       GPIO_PORTF_LOCK_R
                               EQU              0x4005D520
   41 00000000 4005D524 
                       GPIO_PORTF_CR_R
                               EQU              0x4005D524
   42 00000000 4005D528 
                       GPIO_PORTF_AMSEL_R
                               EQU              0x4005D528
   43 00000000 4005D52C 
                       GPIO_PORTF_PCTL_R
                               EQU              0x4005D52C
   44 00000000 4005D400 
                       GPIO_PORTF_DIR_R
                               EQU              0x4005D400
   45 00000000 4005D420 
                       GPIO_PORTF_AFSEL_R
                               EQU              0x4005D420
   46 00000000 4005D51C 
                       GPIO_PORTF_DEN_R
                               EQU              0x4005D51C



ARM Macro Assembler    Page 3 


   47 00000000 4005D510 
                       GPIO_PORTF_PUR_R
                               EQU              0x4005D510
   48 00000000 4005D3FC 
                       GPIO_PORTF_DATA_R
                               EQU              0x4005D3FC
   49 00000000 4005D000 
                       GPIO_PORTF_DATA_BITS_R
                               EQU              0x4005D000
   50 00000000 00000020 
                       GPIO_PORTF
                               EQU              2_000000000100000 ;datasheet pg
                                                             382 ...
   51 00000000         
   52 00000000         ;#######################################################
                       #########################
   53 00000000         ; Área de Código - Tudo abaixo da diretiva a seguir será
                        armazenado na memória de 
   54 00000000         ;                  código
   55 00000000                 AREA             |.text|, CODE, READONLY, ALIGN=
2
   56 00000000         
   57 00000000         ; Se alguma função do arquivo for chamada em outro arqui
                       vo 
   58 00000000                 EXPORT           GPIO_Init   ; Permite chamar GP
                                                            IO_Init de outro ar
                                                            quivo
   59 00000000                 EXPORT           PortN_Output ; Permite chamar P
                                                            ortN_Output de outr
                                                            o arquivo
   60 00000000                 EXPORT           PortF_Output ; Permite chamar P
                                                            ortN_Output de outr
                                                            o arquivo
   61 00000000                 EXPORT           PortJ_Input ; Permite chamar Po
                                                            rtJ_Input de outro 
                                                            arquivo
   62 00000000         
   63 00000000         ;#######################################################
                       #########################
   64 00000000         ; Função GPIO_Init
   65 00000000         ; Parâmetro de entrada: Não tem
   66 00000000         ; Parâmetro de saída: Não tem
   67 00000000         ;#######################################################
                       #########################
   68 00000000         GPIO_Init
   69 00000000         ; 1. Ativar o clock para a porta setando o bit correspon
                       dente no registrador RCGCGPIO,
   70 00000000         ; após isso verificar no PRGPIO se a porta está pronta p
                       ara uso.
   71 00000000         ; enable clock to GPIOF at clock gating register
   72 00000000 482C            LDR              R0, =SYSCTL_RCGCGPIO_R ;Carrega
                                                             o endereço do regi
                                                            strador RCGCGPIO
   73 00000002 F44F 5180       MOV              R1, #GPIO_PORTN ;Seta o bit da 
                                                            porta N
   74 00000006 F441 7180       ORR              R1, #GPIO_PORTJ ;Seta o bit da 
                                                            porta J, fazendo co
                                                            m OR
   75 0000000A F041 0120       ORR              R1, #GPIO_PORTF ;Seta o bit da 



ARM Macro Assembler    Page 4 


                                                            porta J, fazendo co
                                                            m OR
   76 0000000E 6001            STR              R1, [R0]    ;Move para a memóri
                                                            a os bits das porta
                                                            s no endereço do RC
                                                            GCGPIO
   77 00000010 4829            LDR              R0, =SYSCTL_PRGPIO_R ;Carrega o
                                                             endereço do PRGPIO
                                                             para esperar os GP
                                                            IO ficarem prontos
   78 00000012         EsperaGPIO
   79 00000012 6801            LDR              R1, [R0]    ;Lê da memória o co
                                                            nteúdo do endereço 
                                                            do registrador
   80 00000014 F44F 5280       MOV              R2, #GPIO_PORTN ;Seta os bits c
                                                            orrespondentes às p
                                                            ortas para fazer a 
                                                            comparação
   81 00000018 F442 7280       ORR              R2, #GPIO_PORTJ ;Seta o bit da 
                                                            porta J, fazendo co
                                                            m OR
   82 0000001C F042 0220       ORR              R2, #GPIO_PORTF ;Seta o bit da 
                                                            porta J, fazendo co
                                                            m OR
   83 00000020 4211            TST              R1, R2      ;Testa o R1 com R2 
                                                            fazendo R1 & R2
   84 00000022 D0F6            BEQ              EsperaGPIO  ;Se o flag Z=1, vol
                                                            ta para o laço. Sen
                                                            ão continua executa
                                                            ndo
   85 00000024         ; 2. Limpar o AMSEL para desabilitar a analógica
   86 00000024 F04F 0100       MOV              R1, #0x00   ;Colocar 0 no regis
                                                            trador para desabil
                                                            itar a função analó
                                                            gica
   87 00000028 4824            LDR              R0, =GPIO_PORTJ_AHB_AMSEL_R ;Ca
                                                            rrega o R0 com o en
                                                            dereço do AMSEL par
                                                            a a porta J
   88 0000002A 6001            STR              R1, [R0]    ;Guarda no registra
                                                            dor AMSEL da porta 
                                                            J da memória
   89 0000002C 4824            LDR              R0, =GPIO_PORTN_AMSEL_R ;Carreg
                                                            a o R0 com o endere
                                                            ço do AMSEL para a 
                                                            porta N
   90 0000002E 6001            STR              R1, [R0]    ;Guarda no registra
                                                            dor AMSEL da porta 
                                                            N da memória
   91 00000030 4824            LDR              R0, =GPIO_PORTF_AMSEL_R ;Carreg
                                                            a o R0 com o endere
                                                            ço do AMSEL para a 
                                                            porta N
   92 00000032 6001            STR              R1, [R0]    ;Guarda no registra
                                                            dor AMSEL da porta 
                                                            N da memória
   93 00000034         ; 3. Limpar PCTL para selecionar o GPIO
   94 00000034 F04F 0100       MOV              R1, #0x00   ;Colocar 0 no regis
                                                            trador para selecio



ARM Macro Assembler    Page 5 


                                                            nar o modo GPIO
   95 00000038 4823            LDR              R0, =GPIO_PORTJ_AHB_PCTL_R ;Car
                                                            rega o R0 com o end
                                                            ereço do PCTL para 
                                                            a porta J
   96 0000003A 6001            STR              R1, [R0]    ;Guarda no registra
                                                            dor PCTL da porta J
                                                             da memória
   97 0000003C 4823            LDR              R0, =GPIO_PORTN_PCTL_R ;Carrega
                                                             o R0 com o endereç
                                                            o do PCTL para a po
                                                            rta N
   98 0000003E 6001            STR              R1, [R0]    ;Guarda no registra
                                                            dor PCTL da porta N
                                                             da memória
   99 00000040 4823            LDR              R0, =GPIO_PORTF_PCTL_R ;Carrega
                                                             o R0 com o endereç
                                                            o do PCTL para a po
                                                            rta N
  100 00000042 6001            STR              R1, [R0]    ;Guarda no registra
                                                            dor PCTL da porta N
                                                             da memória
  101 00000044         ; 4. DIR para 0 se for entrada, 1 se for saída
  102 00000044 4823            LDR              R0, =GPIO_PORTN_DIR_R ;Carrega 
                                                            o R0 com o endereço
                                                             do DIR para a port
                                                            a N
  103 00000046 F04F 0103       MOV              R1, #2_00000011 ;PN1
  104 0000004A 6001            STR              R1, [R0]    ;Guarda no registra
                                                            dor
  105 0000004C 4822            LDR              R0, =GPIO_PORTF_DIR_R ;Carrega 
                                                            o R0 com o endereço
                                                             do DIR para a port
                                                            a N
  106 0000004E F04F 0111       MOV              R1, #2_00010001 ;PN1
  107 00000052 6001            STR              R1, [R0]    ;Guarda no registra
                                                            dor
  108 00000054         ; O certo era verificar os outros bits da PJ para não tr
                       ansformar entradas em saídas desnecessárias
  109 00000054 4821            LDR              R0, =GPIO_PORTJ_AHB_DIR_R ;Carr
                                                            ega o R0 com o ende
                                                            reço do DIR para a 
                                                            porta J
  110 00000056 F04F 0100       MOV              R1, #0x00   ;Colocar 0 no regis
                                                            trador DIR para fun
                                                            cionar com saída
  111 0000005A 6001            STR              R1, [R0]    ;Guarda no registra
                                                            dor PCTL da porta J
                                                             da memória
  112 0000005C         ; 5. Limpar os bits AFSEL para 0 para selecionar GPIO 
  113 0000005C         ;    Sem função alternativa
  114 0000005C F04F 0100       MOV              R1, #0x00   ;Colocar o valor 0 
                                                            para não setar funç
                                                            ão alternativa
  115 00000060 481F            LDR              R0, =GPIO_PORTN_AFSEL_R ;Carreg
                                                            a o endereço do AFS
                                                            EL da porta N
  116 00000062 6001            STR              R1, [R0]    ;Escreve na porta
  117 00000064 481F            LDR              R0, =GPIO_PORTF_AFSEL_R ;Carreg



ARM Macro Assembler    Page 6 


                                                            a o endereço do AFS
                                                            EL da porta N
  118 00000066 6001            STR              R1, [R0]    ;Escreve na porta
  119 00000068 481F            LDR              R0, =GPIO_PORTJ_AHB_AFSEL_R ;Ca
                                                            rrega o endereço do
                                                             AFSEL da porta J
  120 0000006A 6001            STR              R1, [R0]    ;Escreve na porta
  121 0000006C         ; 6. Setar os bits de DEN para habilitar I/O digital
  122 0000006C 481F            LDR              R0, =GPIO_PORTN_DEN_R ;Carrega 
                                                            o endereço do DEN
  123 0000006E F04F 0103       MOV              R1, #2_00000011 ;N1
  124 00000072 6001            STR              R1, [R0]    ;Escreve no registr
                                                            ador da memória fun
                                                            cionalidade digital
                                                             
  125 00000074 481E            LDR              R0, =GPIO_PORTF_DEN_R ;Carrega 
                                                            o endereço do DEN
  126 00000076 F04F 0111       MOV              R1, #2_00010001 ;N1
  127 0000007A 6001            STR              R1, [R0]    ;Escreve no registr
                                                            ador da memória fun
                                                            cionalidade digital
                                                             
  128 0000007C         
  129 0000007C 481D            LDR              R0, =GPIO_PORTJ_AHB_DEN_R ;Carr
                                                            ega o endereço do D
                                                            EN
  130 0000007E F04F 0103       MOV              R1, #2_00000011 ;J0     
  131 00000082 6001            STR              R1, [R0]    ;Escreve no registr
                                                            ador da memória fun
                                                            cionalidade digital
                                                            
  132 00000084         
  133 00000084         ; 7. Para habilitar resistor de pull-up interno, setar P
                       UR para 1
  134 00000084 481C            LDR              R0, =GPIO_PORTJ_AHB_PUR_R ;Carr
                                                            ega o endereço do P
                                                            UR para a porta J
  135 00000086 F04F 0103       MOV              R1, #2_11   ;Habilitar funciona
                                                            lidade digital de r
                                                            esistor de pull-up 
                                                            
  136 0000008A 6001            STR              R1, [R0]    ;Escreve no registr
                                                            ador da memória do 
                                                            resistor de pull-up
                                                            
  137 0000008C 4770            BX               LR
  138 0000008E         
  139 0000008E         ;#######################################################
                       #########################
  140 0000008E         ; Função PortN_Output
  141 0000008E         ; Parâmetro de entrada: R0 --> se o BIT1 está ligado ou 
                       desligado
  142 0000008E         ; Parâmetro de saída: Não tem
  143 0000008E         ;#######################################################
                       #########################
  144 0000008E         PortN_Output
  145 0000008E 491B            LDR              R1, =GPIO_PORTN_DATA_R ;Carrega
                                                             o valor do offset 
                                                            do data register



ARM Macro Assembler    Page 7 


  146 00000090         ;Read-Modify-Write para escrita
  147 00000090 680A            LDR              R2, [R1]
  148 00000092 F022 0203       BIC              R2, #2_00000011 ;Primeiro limpa
                                                            mos os dois bits do
                                                             lido da porta R2 =
                                                             R2 & 11111101
  149 00000096 EA40 0002       ORR              R0, R0, R2  ;Fazer o OR do lido
                                                             pela porta com o p
                                                            arâmetro de entrada
                                                            
  150 0000009A 6008            STR              R0, [R1]    ;Escreve na porta N
                                                             o barramento de da
                                                            dos do pino N1
  151 0000009C 4770            BX               LR          ;Retorno
  152 0000009E         
  153 0000009E         ;#######################################################
                       #########################
  154 0000009E         ; Função PortF_Output
  155 0000009E         ; Parâmetro de entrada: R0 --> se o BIT1 está ligado ou 
                       desligado
  156 0000009E         ; Parâmetro de saída: Não tem
  157 0000009E         ;#######################################################
                       #########################
  158 0000009E         PortF_Output
  159 0000009E 4918            LDR              R1, =GPIO_PORTF_DATA_R ;Carrega
                                                             o valor do offset 
                                                            do data register
  160 000000A0         ;Read-Modify-Write para escrita
  161 000000A0 680A            LDR              R2, [R1]
  162 000000A2 F022 0211       BIC              R2, #2_00010001 ;Primeiro limpa
                                                            mos os dois bits do
                                                             lido da porta R2 =
                                                             R2 & 11111101
  163 000000A6 EA40 0002       ORR              R0, R0, R2  ;Fazer o OR do lido
                                                             pela porta com o p
                                                            arâmetro de entrada
                                                            
  164 000000AA 6008            STR              R0, [R1]    ;Escreve na porta N
                                                             o barramento de da
                                                            dos do pino N1
  165 000000AC 4770            BX               LR          ;Retorno
  166 000000AE         ;#######################################################
                       #########################
  167 000000AE         ; Função PortJ_Input
  168 000000AE         ; Parâmetro de entrada: Não tem
  169 000000AE         ; Parâmetro de saída: R0 --> o valor da leitura
  170 000000AE         ;#######################################################
                       #########################
  171 000000AE         PortJ_Input
  172 000000AE 4915            LDR              R1, =GPIO_PORTJ_AHB_DATA_R ;Car
                                                            rega o valor do off
                                                            set do data registe
                                                            r
  173 000000B0 6808            LDR              R0, [R1]    ;Lê no barramento d
                                                            e dados dos pinos [
                                                            J0]
  174 000000B2 4770            BX               LR          ;Retorno
  175 000000B4         
  176 000000B4         



ARM Macro Assembler    Page 8 


  177 000000B4                 ALIGN                        ; garante que o fim
                                                             da seção está alin
                                                            hada 
  178 000000B4                 END                          ; fim do arquivo
              400FE608 
              400FEA08 
              40060528 
              40064528 
              4005D528 
              4006052C 
              4006452C 
              4005D52C 
              40064400 
              4005D400 
              40060400 
              40064420 
              4005D420 
              40060420 
              4006451C 
              4005D51C 
              4006051C 
              40060510 
              400643FC 
              4005D3FC 
              400603FC 
Command Line: --debug --xref --diag_suppress=9931,A1950W --cpu=Cortex-M4.fp.sp 
--depend=.\objects\gpio.d -o.\objects\gpio.o -IC:\Users\ph01g\AppData\Local\Arm
\Packs\Keil\TM4C_DFP\1.1.0\Device\Include\TM4C129 --predefine="__EVAL SETA 1" -
-predefine="__UVISION_VERSION SETA 538" --predefine="TM4C1294NCPDT SETA 1" --li
st=.\listings\gpio.lst gpio.s



ARM Macro Assembler    Page 1 Alphabetic symbol ordering
Relocatable symbols

.text 00000000

Symbol: .text
   Definitions
      At line 55 in file gpio.s
   Uses
      None
Comment: .text unused
EsperaGPIO 00000012

Symbol: EsperaGPIO
   Definitions
      At line 78 in file gpio.s
   Uses
      At line 84 in file gpio.s
Comment: EsperaGPIO used once
GPIO_Init 00000000

Symbol: GPIO_Init
   Definitions
      At line 68 in file gpio.s
   Uses
      At line 58 in file gpio.s
Comment: GPIO_Init used once
PortF_Output 0000009E

Symbol: PortF_Output
   Definitions
      At line 158 in file gpio.s
   Uses
      At line 60 in file gpio.s
Comment: PortF_Output used once
PortJ_Input 000000AE

Symbol: PortJ_Input
   Definitions
      At line 171 in file gpio.s
   Uses
      At line 61 in file gpio.s
Comment: PortJ_Input used once
PortN_Output 0000008E

Symbol: PortN_Output
   Definitions
      At line 144 in file gpio.s
   Uses
      At line 59 in file gpio.s
Comment: PortN_Output used once
6 symbols



ARM Macro Assembler    Page 1 Alphabetic symbol ordering
Absolute symbols

BIT0 00000001

Symbol: BIT0
   Definitions
      At line 11 in file gpio.s
   Uses
      None
Comment: BIT0 unused
BIT1 00000002

Symbol: BIT1
   Definitions
      At line 12 in file gpio.s
   Uses
      None
Comment: BIT1 unused
GPIO_PORTF 00000020

Symbol: GPIO_PORTF
   Definitions
      At line 50 in file gpio.s
   Uses
      At line 75 in file gpio.s
      At line 82 in file gpio.s

GPIO_PORTF_AFSEL_R 4005D420

Symbol: GPIO_PORTF_AFSEL_R
   Definitions
      At line 45 in file gpio.s
   Uses
      At line 117 in file gpio.s
Comment: GPIO_PORTF_AFSEL_R used once
GPIO_PORTF_AMSEL_R 4005D528

Symbol: GPIO_PORTF_AMSEL_R
   Definitions
      At line 42 in file gpio.s
   Uses
      At line 91 in file gpio.s
Comment: GPIO_PORTF_AMSEL_R used once
GPIO_PORTF_CR_R 4005D524

Symbol: GPIO_PORTF_CR_R
   Definitions
      At line 41 in file gpio.s
   Uses
      None
Comment: GPIO_PORTF_CR_R unused
GPIO_PORTF_DATA_BITS_R 4005D000

Symbol: GPIO_PORTF_DATA_BITS_R
   Definitions
      At line 49 in file gpio.s
   Uses
      None
Comment: GPIO_PORTF_DATA_BITS_R unused
GPIO_PORTF_DATA_R 4005D3FC




ARM Macro Assembler    Page 2 Alphabetic symbol ordering
Absolute symbols

Symbol: GPIO_PORTF_DATA_R
   Definitions
      At line 48 in file gpio.s
   Uses
      At line 159 in file gpio.s
Comment: GPIO_PORTF_DATA_R used once
GPIO_PORTF_DEN_R 4005D51C

Symbol: GPIO_PORTF_DEN_R
   Definitions
      At line 46 in file gpio.s
   Uses
      At line 125 in file gpio.s
Comment: GPIO_PORTF_DEN_R used once
GPIO_PORTF_DIR_R 4005D400

Symbol: GPIO_PORTF_DIR_R
   Definitions
      At line 44 in file gpio.s
   Uses
      At line 105 in file gpio.s
Comment: GPIO_PORTF_DIR_R used once
GPIO_PORTF_LOCK_R 4005D520

Symbol: GPIO_PORTF_LOCK_R
   Definitions
      At line 40 in file gpio.s
   Uses
      None
Comment: GPIO_PORTF_LOCK_R unused
GPIO_PORTF_PCTL_R 4005D52C

Symbol: GPIO_PORTF_PCTL_R
   Definitions
      At line 43 in file gpio.s
   Uses
      At line 99 in file gpio.s
Comment: GPIO_PORTF_PCTL_R used once
GPIO_PORTF_PUR_R 4005D510

Symbol: GPIO_PORTF_PUR_R
   Definitions
      At line 47 in file gpio.s
   Uses
      None
Comment: GPIO_PORTF_PUR_R unused
GPIO_PORTJ 00000100

Symbol: GPIO_PORTJ
   Definitions
      At line 26 in file gpio.s
   Uses
      At line 74 in file gpio.s
      At line 81 in file gpio.s

GPIO_PORTJ_AHB_AFSEL_R 40060420

Symbol: GPIO_PORTJ_AHB_AFSEL_R
   Definitions



ARM Macro Assembler    Page 3 Alphabetic symbol ordering
Absolute symbols

      At line 21 in file gpio.s
   Uses
      At line 119 in file gpio.s
Comment: GPIO_PORTJ_AHB_AFSEL_R used once
GPIO_PORTJ_AHB_AMSEL_R 40060528

Symbol: GPIO_PORTJ_AHB_AMSEL_R
   Definitions
      At line 18 in file gpio.s
   Uses
      At line 87 in file gpio.s
Comment: GPIO_PORTJ_AHB_AMSEL_R used once
GPIO_PORTJ_AHB_CR_R 40060524

Symbol: GPIO_PORTJ_AHB_CR_R
   Definitions
      At line 17 in file gpio.s
   Uses
      None
Comment: GPIO_PORTJ_AHB_CR_R unused
GPIO_PORTJ_AHB_DATA_BITS_R 40060000

Symbol: GPIO_PORTJ_AHB_DATA_BITS_R
   Definitions
      At line 25 in file gpio.s
   Uses
      None
Comment: GPIO_PORTJ_AHB_DATA_BITS_R unused
GPIO_PORTJ_AHB_DATA_R 400603FC

Symbol: GPIO_PORTJ_AHB_DATA_R
   Definitions
      At line 24 in file gpio.s
   Uses
      At line 172 in file gpio.s
Comment: GPIO_PORTJ_AHB_DATA_R used once
GPIO_PORTJ_AHB_DEN_R 4006051C

Symbol: GPIO_PORTJ_AHB_DEN_R
   Definitions
      At line 22 in file gpio.s
   Uses
      At line 129 in file gpio.s
Comment: GPIO_PORTJ_AHB_DEN_R used once
GPIO_PORTJ_AHB_DIR_R 40060400

Symbol: GPIO_PORTJ_AHB_DIR_R
   Definitions
      At line 20 in file gpio.s
   Uses
      At line 109 in file gpio.s
Comment: GPIO_PORTJ_AHB_DIR_R used once
GPIO_PORTJ_AHB_LOCK_R 40060520

Symbol: GPIO_PORTJ_AHB_LOCK_R
   Definitions
      At line 16 in file gpio.s
   Uses
      None



ARM Macro Assembler    Page 4 Alphabetic symbol ordering
Absolute symbols

Comment: GPIO_PORTJ_AHB_LOCK_R unused
GPIO_PORTJ_AHB_PCTL_R 4006052C

Symbol: GPIO_PORTJ_AHB_PCTL_R
   Definitions
      At line 19 in file gpio.s
   Uses
      At line 95 in file gpio.s
Comment: GPIO_PORTJ_AHB_PCTL_R used once
GPIO_PORTJ_AHB_PUR_R 40060510

Symbol: GPIO_PORTJ_AHB_PUR_R
   Definitions
      At line 23 in file gpio.s
   Uses
      At line 134 in file gpio.s
Comment: GPIO_PORTJ_AHB_PUR_R used once
GPIO_PORTN 00001000

Symbol: GPIO_PORTN
   Definitions
      At line 38 in file gpio.s
   Uses
      At line 73 in file gpio.s
      At line 80 in file gpio.s

GPIO_PORTN_AFSEL_R 40064420

Symbol: GPIO_PORTN_AFSEL_R
   Definitions
      At line 33 in file gpio.s
   Uses
      At line 115 in file gpio.s
Comment: GPIO_PORTN_AFSEL_R used once
GPIO_PORTN_AMSEL_R 40064528

Symbol: GPIO_PORTN_AMSEL_R
   Definitions
      At line 30 in file gpio.s
   Uses
      At line 89 in file gpio.s
Comment: GPIO_PORTN_AMSEL_R used once
GPIO_PORTN_CR_R 40064524

Symbol: GPIO_PORTN_CR_R
   Definitions
      At line 29 in file gpio.s
   Uses
      None
Comment: GPIO_PORTN_CR_R unused
GPIO_PORTN_DATA_BITS_R 40064000

Symbol: GPIO_PORTN_DATA_BITS_R
   Definitions
      At line 37 in file gpio.s
   Uses
      None
Comment: GPIO_PORTN_DATA_BITS_R unused
GPIO_PORTN_DATA_R 400643FC



ARM Macro Assembler    Page 5 Alphabetic symbol ordering
Absolute symbols


Symbol: GPIO_PORTN_DATA_R
   Definitions
      At line 36 in file gpio.s
   Uses
      At line 145 in file gpio.s
Comment: GPIO_PORTN_DATA_R used once
GPIO_PORTN_DEN_R 4006451C

Symbol: GPIO_PORTN_DEN_R
   Definitions
      At line 34 in file gpio.s
   Uses
      At line 122 in file gpio.s
Comment: GPIO_PORTN_DEN_R used once
GPIO_PORTN_DIR_R 40064400

Symbol: GPIO_PORTN_DIR_R
   Definitions
      At line 32 in file gpio.s
   Uses
      At line 102 in file gpio.s
Comment: GPIO_PORTN_DIR_R used once
GPIO_PORTN_LOCK_R 40064520

Symbol: GPIO_PORTN_LOCK_R
   Definitions
      At line 28 in file gpio.s
   Uses
      None
Comment: GPIO_PORTN_LOCK_R unused
GPIO_PORTN_PCTL_R 4006452C

Symbol: GPIO_PORTN_PCTL_R
   Definitions
      At line 31 in file gpio.s
   Uses
      At line 97 in file gpio.s
Comment: GPIO_PORTN_PCTL_R used once
GPIO_PORTN_PUR_R 40064510

Symbol: GPIO_PORTN_PUR_R
   Definitions
      At line 35 in file gpio.s
   Uses
      None
Comment: GPIO_PORTN_PUR_R unused
SYSCTL_PRGPIO_R 400FEA08

Symbol: SYSCTL_PRGPIO_R
   Definitions
      At line 14 in file gpio.s
   Uses
      At line 77 in file gpio.s
Comment: SYSCTL_PRGPIO_R used once
SYSCTL_RCGCGPIO_R 400FE608

Symbol: SYSCTL_RCGCGPIO_R
   Definitions



ARM Macro Assembler    Page 6 Alphabetic symbol ordering
Absolute symbols

      At line 13 in file gpio.s
   Uses
      At line 72 in file gpio.s
Comment: SYSCTL_RCGCGPIO_R used once
37 symbols
379 symbols in table
